<?xml version='1.0' encoding='UTF-8'?>
<testsuite hostname="knoldus-Vostro-3559" name="OnlineMobileShopeeSpec" tests="6" errors="0" failures="1" time="3.284">
                     <properties>
[...]
</properties>
                     <testcase classname="OnlineMobileShopeeSpec" name="A Validate  must respond with Error message in case customer request to buy more than 1 item" time="0.121">
                                                 
                                               </testcase><testcase classname="OnlineMobileShopeeSpec" name="A Validate  must respond with success message when stock is not empty" time="0.003">
                                                 
                                               </testcase><testcase classname="OnlineMobileShopeeSpec" name="A Validate  must Reply with 'Out Of Stock' if phones are out of  stock" time="0.007">
                                                 
                                               </testcase><testcase classname="OnlineMobileShopeeSpec" name="PurchaseActor must respond with error message in case of wrong request" time="0.104">
                                                 
                                               </testcase><testcase classname="OnlineMobileShopeeSpec" name="PurchaseActor must respond with if control is going to purchase handler" time="3.047">
                                                 <failure message="assertion failed: timeout (3 seconds) during expectMsg while waiting for Purchase Actor will tell to PurchaseHandler" type="java.lang.AssertionError">java.lang.AssertionError: assertion failed: timeout (3 seconds) during expectMsg while waiting for Purchase Actor will tell to PurchaseHandler
	at scala.Predef$.assert(Predef.scala:170)
	at akka.testkit.TestKitBase$class.expectMsg_internal(TestKit.scala:387)
	at akka.testkit.TestKitBase$class.expectMsg(TestKit.scala:364)
	at akka.testkit.TestKit.expectMsg(TestKit.scala:814)
	at OnlineMobileShopeeSpec$$anonfun$2$$anonfun$apply$mcV$sp$8.apply(OnlineMobileShopeeSpec.scala:71)
	at OnlineMobileShopeeSpec$$anonfun$2$$anonfun$apply$mcV$sp$8.apply(OnlineMobileShopeeSpec.scala:68)
	at org.scalatest.OutcomeOf$class.outcomeOf(OutcomeOf.scala:85)
	at org.scalatest.OutcomeOf$.outcomeOf(OutcomeOf.scala:104)
	at org.scalatest.Transformer.apply(Transformer.scala:22)
	at org.scalatest.Transformer.apply(Transformer.scala:20)
	at org.scalatest.WordSpecLike$$anon$1.apply(WordSpecLike.scala:1078)
	at org.scalatest.TestSuite$class.withFixture(TestSuite.scala:196)
	at OnlineMobileShopeeSpec.withFixture(OnlineMobileShopeeSpec.scala:21)
	at org.scalatest.WordSpecLike$class.invokeWithFixture$1(WordSpecLike.scala:1075)
	at org.scalatest.WordSpecLike$$anonfun$runTest$1.apply(WordSpecLike.scala:1088)
	at org.scalatest.WordSpecLike$$anonfun$runTest$1.apply(WordSpecLike.scala:1088)
	at org.scalatest.SuperEngine.runTestImpl(Engine.scala:289)
	at org.scalatest.WordSpecLike$class.runTest(WordSpecLike.scala:1088)
	at OnlineMobileShopeeSpec.runTest(OnlineMobileShopeeSpec.scala:21)
	at org.scalatest.WordSpecLike$$anonfun$runTests$1.apply(WordSpecLike.scala:1147)
	at org.scalatest.WordSpecLike$$anonfun$runTests$1.apply(WordSpecLike.scala:1147)
	at org.scalatest.SuperEngine$$anonfun$traverseSubNodes$1$1.apply(Engine.scala:396)
	at org.scalatest.SuperEngine$$anonfun$traverseSubNodes$1$1.apply(Engine.scala:384)
	at scala.collection.immutable.List.foreach(List.scala:381)
	at org.scalatest.SuperEngine.traverseSubNodes$1(Engine.scala:384)
	at org.scalatest.SuperEngine.org$scalatest$SuperEngine$$runTestsInBranch(Engine.scala:373)
	at org.scalatest.SuperEngine$$anonfun$traverseSubNodes$1$1.apply(Engine.scala:410)
	at org.scalatest.SuperEngine$$anonfun$traverseSubNodes$1$1.apply(Engine.scala:384)
	at scala.collection.immutable.List.foreach(List.scala:381)
	at org.scalatest.SuperEngine.traverseSubNodes$1(Engine.scala:384)
	at org.scalatest.SuperEngine.org$scalatest$SuperEngine$$runTestsInBranch(Engine.scala:379)
	at org.scalatest.SuperEngine.runTestsImpl(Engine.scala:461)
	at org.scalatest.WordSpecLike$class.runTests(WordSpecLike.scala:1147)
	at OnlineMobileShopeeSpec.runTests(OnlineMobileShopeeSpec.scala:21)
	at org.scalatest.Suite$class.run(Suite.scala:1147)
	at OnlineMobileShopeeSpec.org$scalatest$WordSpecLike$$super$run(OnlineMobileShopeeSpec.scala:21)
	at org.scalatest.WordSpecLike$$anonfun$run$1.apply(WordSpecLike.scala:1192)
	at org.scalatest.WordSpecLike$$anonfun$run$1.apply(WordSpecLike.scala:1192)
	at org.scalatest.SuperEngine.runImpl(Engine.scala:521)
	at org.scalatest.WordSpecLike$class.run(WordSpecLike.scala:1192)
	at OnlineMobileShopeeSpec.org$scalatest$BeforeAndAfterAll$$super$run(OnlineMobileShopeeSpec.scala:21)
	at org.scalatest.BeforeAndAfterAll$class.liftedTree1$1(BeforeAndAfterAll.scala:213)
	at org.scalatest.BeforeAndAfterAll$class.run(BeforeAndAfterAll.scala:210)
	at OnlineMobileShopeeSpec.run(OnlineMobileShopeeSpec.scala:21)
	at org.scalatest.tools.Framework.org$scalatest$tools$Framework$$runSuite(Framework.scala:314)
	at org.scalatest.tools.Framework$ScalaTestTask.execute(Framework.scala:480)
	at sbt.TestRunner.runTest$1(TestFramework.scala:76)
	at sbt.TestRunner.run(TestFramework.scala:85)
	at sbt.TestFramework$$anon$2$$anonfun$$init$$1$$anonfun$apply$8.apply(TestFramework.scala:202)
	at sbt.TestFramework$$anon$2$$anonfun$$init$$1$$anonfun$apply$8.apply(TestFramework.scala:202)
	at sbt.TestFramework$.sbt$TestFramework$$withContextLoader(TestFramework.scala:185)
	at sbt.TestFramework$$anon$2$$anonfun$$init$$1.apply(TestFramework.scala:202)
	at sbt.TestFramework$$anon$2$$anonfun$$init$$1.apply(TestFramework.scala:202)
	at sbt.TestFunction.apply(TestFramework.scala:207)
	at sbt.Tests$$anonfun$9.apply(Tests.scala:216)
	at sbt.Tests$$anonfun$9.apply(Tests.scala:216)
	at sbt.std.Transform$$anon$3$$anonfun$apply$2.apply(System.scala:44)
	at sbt.std.Transform$$anon$3$$anonfun$apply$2.apply(System.scala:44)
	at sbt.std.Transform$$anon$4.work(System.scala:63)
	at sbt.Execute$$anonfun$submit$1$$anonfun$apply$1.apply(Execute.scala:228)
	at sbt.Execute$$anonfun$submit$1$$anonfun$apply$1.apply(Execute.scala:228)
	at sbt.ErrorHandling$.wideConvert(ErrorHandling.scala:17)
	at sbt.Execute.work(Execute.scala:237)
	at sbt.Execute$$anonfun$submit$1.apply(Execute.scala:228)
	at sbt.Execute$$anonfun$submit$1.apply(Execute.scala:228)
	at sbt.ConcurrentRestrictions$$anon$4$$anonfun$1.apply(ConcurrentRestrictions.scala:159)
	at sbt.CompletionService$$anon$2.call(CompletionService.scala:28)
	at java.util.concurrent.FutureTask.run(FutureTask.java:266)
	at java.util.concurrent.Executors$RunnableAdapter.call(Executors.java:511)
	at java.util.concurrent.FutureTask.run(FutureTask.java:266)
	at java.util.concurrent.ThreadPoolExecutor.runWorker(ThreadPoolExecutor.java:1142)
	at java.util.concurrent.ThreadPoolExecutor$Worker.run(ThreadPoolExecutor.java:617)
	at java.lang.Thread.run(Thread.java:745)
</failure>
                                               </testcase><testcase classname="OnlineMobileShopeeSpec" name="PurchaseHandler must Reply with the same message it receives after telling" time="0.002">
                                                 
                                               </testcase>
                     <system-out></system-out>
                     <system-err></system-err>
                   </testsuite>